The system is: Windows - 10.0.22621 - AMD64
Compiling the C compiler identification source file "CMakeCCompilerId.c" succeeded.
Compiler: D:/Program Files (x86)/VisualStudio/VC/Tools/MSVC/14.35.32215/bin/Hostx64/x64/cl.exe 
Build flags: 
Id flags:  

The output was:
0
Microsoft (R) C/C++ Optimizing Compiler Version 19.35.32216.1 for x64
Copyright (C) Microsoft Corporation.  All rights reserved.

CMakeCCompilerId.c
Microsoft (R) Incremental Linker Version 14.35.32216.1
Copyright (C) Microsoft Corporation.  All rights reserved.

/out:CMakeCCompilerId.exe 
CMakeCCompilerId.obj 


Compilation of the C compiler identification source "CMakeCCompilerId.c" produced "CMakeCCompilerId.exe"

Compilation of the C compiler identification source "CMakeCCompilerId.c" produced "CMakeCCompilerId.obj"

The C compiler identification is MSVC, found in "D:/git/itmathrepetitor/itmathrepetitor/wWithW/out/build/x64-debug/CMakeFiles/3.25.1-msvc1/CompilerIdC/CMakeCCompilerId.exe"

Compiling the CXX compiler identification source file "CMakeCXXCompilerId.cpp" succeeded.
Compiler: D:/Program Files (x86)/VisualStudio/VC/Tools/MSVC/14.35.32215/bin/Hostx64/x64/cl.exe 
Build flags: 
Id flags:  

The output was:
0
Microsoft (R) C/C++ Optimizing Compiler Version 19.35.32216.1 for x64
Copyright (C) Microsoft Corporation.  All rights reserved.

CMakeCXXCompilerId.cpp
Microsoft (R) Incremental Linker Version 14.35.32216.1
Copyright (C) Microsoft Corporation.  All rights reserved.

/out:CMakeCXXCompilerId.exe 
CMakeCXXCompilerId.obj 


Compilation of the CXX compiler identification source "CMakeCXXCompilerId.cpp" produced "CMakeCXXCompilerId.exe"

Compilation of the CXX compiler identification source "CMakeCXXCompilerId.cpp" produced "CMakeCXXCompilerId.obj"

The CXX compiler identification is MSVC, found in "D:/git/itmathrepetitor/itmathrepetitor/wWithW/out/build/x64-debug/CMakeFiles/3.25.1-msvc1/CompilerIdCXX/CMakeCXXCompilerId.exe"

Detecting C compiler ABI info compiled with the following output:
Change Dir: D:/git/itmathrepetitor/itmathrepetitor/wWithW/out/build/x64-debug/CMakeFiles/CMakeScratch/TryCompile-k3yp0b

Run Build Command(s):D:/Program Files (x86)/VisualStudio/Common7/IDE/CommonExtensions/Microsoft/CMake/Ninja/ninja.exe cmTC_cbd62 && [1/2] Building C object CMakeFiles\cmTC_cbd62.dir\CMakeCCompilerABI.c.obj
[2/2] Linking C executable cmTC_cbd62.exe



Detecting CXX compiler ABI info compiled with the following output:
Change Dir: D:/git/itmathrepetitor/itmathrepetitor/wWithW/out/build/x64-debug/CMakeFiles/CMakeScratch/TryCompile-d0ac6y

Run Build Command(s):D:/Program Files (x86)/VisualStudio/Common7/IDE/CommonExtensions/Microsoft/CMake/Ninja/ninja.exe cmTC_bb701 && [1/2] Building CXX object CMakeFiles\cmTC_bb701.dir\CMakeCXXCompilerABI.cpp.obj
[2/2] Linking CXX executable cmTC_bb701.exe



